This file contains any messages produced by compilers while
running configure, to aid debugging if configure makes a mistake.

It was created by configure, which was
generated by GNU Autoconf 2.61.  Invocation command line was

  $ ./configure 

## --------- ##
## Platform. ##
## --------- ##

hostname = master
uname -m = x86_64
uname -r = 2.6.32-5-amd64
uname -s = Linux
uname -v = #1 SMP Sun May 6 04:00:17 UTC 2012

/usr/bin/uname -p = unknown
/bin/uname -X     = unknown

/bin/arch              = unknown
/usr/bin/arch -k       = unknown
/usr/convex/getsysinfo = unknown
/usr/bin/hostinfo      = unknown
/bin/machine           = unknown
/usr/bin/oslevel       = unknown
/bin/universe          = unknown

PATH: /usr/local/sbin
PATH: /usr/local/bin
PATH: /usr/sbin
PATH: /usr/bin
PATH: /sbin
PATH: /bin


## ----------- ##
## Core tests. ##
## ----------- ##

configure:1973: checking for a BSD-compatible install
configure:2029: result: /usr/bin/install -c
configure:2040: checking whether build environment is sane
configure:2083: result: yes
configure:2111: checking for a thread-safe mkdir -p
configure:2150: result: /bin/mkdir -p
configure:2163: checking for gawk
configure:2193: result: no
configure:2163: checking for mawk
configure:2179: found /usr/bin/mawk
configure:2190: result: mawk
configure:2201: checking whether make sets $(MAKE)
configure:2222: result: yes
configure:2463: checking for gcc
configure:2479: found /usr/bin/gcc
configure:2490: result: gcc
configure:2728: checking for C compiler version
configure:2735: gcc --version >&5
gcc (Debian 4.4.5-8) 4.4.5
Copyright (C) 2010 Free Software Foundation, Inc.
This is free software; see the source for copying conditions.  There is NO
warranty; not even for MERCHANTABILITY or FITNESS FOR A PARTICULAR PURPOSE.

configure:2738: $? = 0
configure:2745: gcc -v >&5
Using built-in specs.
Target: x86_64-linux-gnu
Configured with: ../src/configure -v --with-pkgversion='Debian 4.4.5-8' --with-bugurl=file:///usr/share/doc/gcc-4.4/README.Bugs --enable-languages=c,c++,fortran,objc,obj-c++ --prefix=/usr --program-suffix=-4.4 --enable-shared --enable-multiarch --enable-linker-build-id --with-system-zlib --libexecdir=/usr/lib --without-included-gettext --enable-threads=posix --with-gxx-include-dir=/usr/include/c++/4.4 --libdir=/usr/lib --enable-nls --enable-clocale=gnu --enable-libstdcxx-debug --enable-objc-gc --with-arch-32=i586 --with-tune=generic --enable-checking=release --build=x86_64-linux-gnu --host=x86_64-linux-gnu --target=x86_64-linux-gnu
Thread model: posix
gcc version 4.4.5 (Debian 4.4.5-8) 
configure:2748: $? = 0
configure:2755: gcc -V >&5
gcc: '-V' option must have argument
configure:2758: $? = 1
configure:2781: checking for C compiler default output file name
configure:2808: gcc    conftest.c  >&5
configure:2811: $? = 0
configure:2849: result: a.out
configure:2866: checking whether the C compiler works
configure:2876: ./a.out
configure:2879: $? = 0
configure:2896: result: yes
configure:2903: checking whether we are cross compiling
configure:2905: result: no
configure:2908: checking for suffix of executables
configure:2915: gcc -o conftest    conftest.c  >&5
configure:2918: $? = 0
configure:2942: result: 
configure:2948: checking for suffix of object files
configure:2974: gcc -c   conftest.c >&5
configure:2977: $? = 0
configure:3000: result: o
configure:3004: checking whether we are using the GNU C compiler
configure:3033: gcc -c   conftest.c >&5
configure:3039: $? = 0
configure:3056: result: yes
configure:3061: checking whether gcc accepts -g
configure:3091: gcc -c -g  conftest.c >&5
configure:3097: $? = 0
configure:3196: result: yes
configure:3213: checking for gcc option to accept ISO C89
configure:3287: gcc  -c -g -O2  conftest.c >&5
configure:3293: $? = 0
configure:3316: result: none needed
configure:3345: checking for style of include used by make
configure:3373: result: GNU
configure:3398: checking dependency style of gcc
configure:3489: result: gcc3
configure:3583: checking build system type
configure:3601: result: x86_64-unknown-linux-gnu
configure:3623: checking host system type
configure:3638: result: x86_64-unknown-linux-gnu
configure:3660: checking for a sed that does not truncate output
configure:3714: result: /bin/sed
configure:3717: checking for grep that handles long lines and -e
configure:3791: result: /bin/grep
configure:3796: checking for egrep
configure:3874: result: /bin/grep -E
configure:3890: checking for ld used by gcc
configure:3957: result: /usr/bin/ld
configure:3966: checking if the linker (/usr/bin/ld) is GNU ld
configure:3981: result: yes
configure:3986: checking for /usr/bin/ld option to reload object files
configure:3993: result: -r
configure:4011: checking for BSD-compatible nm
configure:4060: result: /usr/bin/nm -B
configure:4064: checking whether ln -s works
configure:4068: result: yes
configure:4075: checking how to recognise dependent libraries
configure:4251: result: pass_all
configure:4339: gcc -c -g -O2  conftest.c >&5
configure:4342: $? = 0
configure:4485: checking how to run the C preprocessor
configure:4525: gcc -E  conftest.c
configure:4531: $? = 0
configure:4562: gcc -E  conftest.c
conftest.c:10:28: error: ac_nonexistent.h: No such file or directory
configure:4568: $? = 1
configure: failed program was:
| /* confdefs.h.  */
| #define PACKAGE_NAME ""
| #define PACKAGE_TARNAME ""
| #define PACKAGE_VERSION ""
| #define PACKAGE_STRING ""
| #define PACKAGE_BUGREPORT ""
| #define PACKAGE "memcachefs"
| #define VERSION "0.5"
| /* end confdefs.h.  */
| #include <ac_nonexistent.h>
configure:4601: result: gcc -E
configure:4630: gcc -E  conftest.c
configure:4636: $? = 0
configure:4667: gcc -E  conftest.c
conftest.c:10:28: error: ac_nonexistent.h: No such file or directory
configure:4673: $? = 1
configure: failed program was:
| /* confdefs.h.  */
| #define PACKAGE_NAME ""
| #define PACKAGE_TARNAME ""
| #define PACKAGE_VERSION ""
| #define PACKAGE_STRING ""
| #define PACKAGE_BUGREPORT ""
| #define PACKAGE "memcachefs"
| #define VERSION "0.5"
| /* end confdefs.h.  */
| #include <ac_nonexistent.h>
configure:4711: checking for ANSI C header files
configure:4741: gcc -c -g -O2  conftest.c >&5
configure:4747: $? = 0
configure:4846: gcc -o conftest -g -O2   conftest.c  >&5
configure:4849: $? = 0
configure:4855: ./conftest
configure:4858: $? = 0
configure:4875: result: yes
configure:4899: checking for sys/types.h
configure:4920: gcc -c -g -O2  conftest.c >&5
configure:4926: $? = 0
configure:4942: result: yes
configure:4899: checking for sys/stat.h
configure:4920: gcc -c -g -O2  conftest.c >&5
configure:4926: $? = 0
configure:4942: result: yes
configure:4899: checking for stdlib.h
configure:4920: gcc -c -g -O2  conftest.c >&5
configure:4926: $? = 0
configure:4942: result: yes
configure:4899: checking for string.h
configure:4920: gcc -c -g -O2  conftest.c >&5
configure:4926: $? = 0
configure:4942: result: yes
configure:4899: checking for memory.h
configure:4920: gcc -c -g -O2  conftest.c >&5
configure:4926: $? = 0
configure:4942: result: yes
configure:4899: checking for strings.h
configure:4920: gcc -c -g -O2  conftest.c >&5
configure:4926: $? = 0
configure:4942: result: yes
configure:4899: checking for inttypes.h
configure:4920: gcc -c -g -O2  conftest.c >&5
configure:4926: $? = 0
configure:4942: result: yes
configure:4899: checking for stdint.h
configure:4920: gcc -c -g -O2  conftest.c >&5
configure:4926: $? = 0
configure:4942: result: yes
configure:4899: checking for unistd.h
configure:4920: gcc -c -g -O2  conftest.c >&5
configure:4926: $? = 0
configure:4942: result: yes
configure:4969: checking dlfcn.h usability
configure:4986: gcc -c -g -O2  conftest.c >&5
configure:4992: $? = 0
configure:5006: result: yes
configure:5010: checking dlfcn.h presence
configure:5025: gcc -E  conftest.c
configure:5031: $? = 0
configure:5045: result: yes
configure:5073: checking for dlfcn.h
configure:5081: result: yes
configure:5152: checking for g++
configure:5168: found /usr/bin/g++
configure:5179: result: g++
configure:5210: checking for C++ compiler version
configure:5217: g++ --version >&5
g++ (Debian 4.4.5-8) 4.4.5
Copyright (C) 2010 Free Software Foundation, Inc.
This is free software; see the source for copying conditions.  There is NO
warranty; not even for MERCHANTABILITY or FITNESS FOR A PARTICULAR PURPOSE.

configure:5220: $? = 0
configure:5227: g++ -v >&5
Using built-in specs.
Target: x86_64-linux-gnu
Configured with: ../src/configure -v --with-pkgversion='Debian 4.4.5-8' --with-bugurl=file:///usr/share/doc/gcc-4.4/README.Bugs --enable-languages=c,c++,fortran,objc,obj-c++ --prefix=/usr --program-suffix=-4.4 --enable-shared --enable-multiarch --enable-linker-build-id --with-system-zlib --libexecdir=/usr/lib --without-included-gettext --enable-threads=posix --with-gxx-include-dir=/usr/include/c++/4.4 --libdir=/usr/lib --enable-nls --enable-clocale=gnu --enable-libstdcxx-debug --enable-objc-gc --with-arch-32=i586 --with-tune=generic --enable-checking=release --build=x86_64-linux-gnu --host=x86_64-linux-gnu --target=x86_64-linux-gnu
Thread model: posix
gcc version 4.4.5 (Debian 4.4.5-8) 
configure:5230: $? = 0
configure:5237: g++ -V >&5
g++: '-V' option must have argument
configure:5240: $? = 1
configure:5243: checking whether we are using the GNU C++ compiler
configure:5272: g++ -c   conftest.cpp >&5
configure:5278: $? = 0
configure:5295: result: yes
configure:5300: checking whether g++ accepts -g
configure:5330: g++ -c -g  conftest.cpp >&5
configure:5336: $? = 0
configure:5435: result: yes
configure:5460: checking dependency style of g++
configure:5551: result: gcc3
configure:5576: checking how to run the C++ preprocessor
configure:5612: g++ -E  conftest.cpp
configure:5618: $? = 0
configure:5649: g++ -E  conftest.cpp
conftest.cpp:21:28: error: ac_nonexistent.h: No such file or directory
configure:5655: $? = 1
configure: failed program was:
| /* confdefs.h.  */
| #define PACKAGE_NAME ""
| #define PACKAGE_TARNAME ""
| #define PACKAGE_VERSION ""
| #define PACKAGE_STRING ""
| #define PACKAGE_BUGREPORT ""
| #define PACKAGE "memcachefs"
| #define VERSION "0.5"
| #define STDC_HEADERS 1
| #define HAVE_SYS_TYPES_H 1
| #define HAVE_SYS_STAT_H 1
| #define HAVE_STDLIB_H 1
| #define HAVE_STRING_H 1
| #define HAVE_MEMORY_H 1
| #define HAVE_STRINGS_H 1
| #define HAVE_INTTYPES_H 1
| #define HAVE_STDINT_H 1
| #define HAVE_UNISTD_H 1
| #define HAVE_DLFCN_H 1
| /* end confdefs.h.  */
| #include <ac_nonexistent.h>
configure:5688: result: g++ -E
configure:5717: g++ -E  conftest.cpp
configure:5723: $? = 0
configure:5754: g++ -E  conftest.cpp
conftest.cpp:21:28: error: ac_nonexistent.h: No such file or directory
configure:5760: $? = 1
configure: failed program was:
| /* confdefs.h.  */
| #define PACKAGE_NAME ""
| #define PACKAGE_TARNAME ""
| #define PACKAGE_VERSION ""
| #define PACKAGE_STRING ""
| #define PACKAGE_BUGREPORT ""
| #define PACKAGE "memcachefs"
| #define VERSION "0.5"
| #define STDC_HEADERS 1
| #define HAVE_SYS_TYPES_H 1
| #define HAVE_SYS_STAT_H 1
| #define HAVE_STDLIB_H 1
| #define HAVE_STRING_H 1
| #define HAVE_MEMORY_H 1
| #define HAVE_STRINGS_H 1
| #define HAVE_INTTYPES_H 1
| #define HAVE_STDINT_H 1
| #define HAVE_UNISTD_H 1
| #define HAVE_DLFCN_H 1
| /* end confdefs.h.  */
| #include <ac_nonexistent.h>
configure:5853: checking for g77
configure:5883: result: no
configure:5853: checking for xlf
configure:5883: result: no
configure:5853: checking for f77
configure:5883: result: no
configure:5853: checking for frt
configure:5883: result: no
configure:5853: checking for pgf77
configure:5883: result: no
configure:5853: checking for cf77
configure:5883: result: no
configure:5853: checking for fort77
configure:5883: result: no
configure:5853: checking for fl32
configure:5883: result: no
configure:5853: checking for af77
configure:5883: result: no
configure:5853: checking for xlf90
configure:5883: result: no
configure:5853: checking for f90
configure:5883: result: no
configure:5853: checking for pgf90
configure:5883: result: no
configure:5853: checking for pghpf
configure:5883: result: no
configure:5853: checking for epcf90
configure:5883: result: no
configure:5853: checking for gfortran
configure:5883: result: no
configure:5853: checking for g95
configure:5883: result: no
configure:5853: checking for xlf95
configure:5883: result: no
configure:5853: checking for f95
configure:5883: result: no
configure:5853: checking for fort
configure:5883: result: no
configure:5853: checking for ifort
configure:5883: result: no
configure:5853: checking for ifc
configure:5883: result: no
configure:5853: checking for efc
configure:5883: result: no
configure:5853: checking for pgf95
configure:5883: result: no
configure:5853: checking for lf95
configure:5883: result: no
configure:5853: checking for ftn
configure:5883: result: no
configure:5910: checking for Fortran 77 compiler version
configure:5917:  --version >&5
./configure: line 5918: --version: command not found
configure:5920: $? = 127
configure:5927:  -v >&5
./configure: line 5928: -v: command not found
configure:5930: $? = 127
configure:5937:  -V >&5
./configure: line 5938: -V: command not found
configure:5940: $? = 127
configure:5948: checking whether we are using the GNU Fortran 77 compiler
configure:5967:  -c  conftest.F >&5
./configure: line 5968: -c: command not found
configure:5973: $? = 127
configure: failed program was:
|       program main
| #ifndef __GNUC__
|        choke me
| #endif
| 
|       end
configure:5990: result: no
configure:5996: checking whether  accepts -g
configure:6013:  -c -g conftest.f >&5
./configure: line 6014: -c: command not found
configure:6019: $? = 127
configure: failed program was:
|       program main
| 
|       end
configure:6035: result: no
configure:6065: checking the maximum length of command line arguments
configure:6174: result: 32768
configure:6185: checking command to parse /usr/bin/nm -B output from gcc object
configure:6290: gcc -c -g -O2  conftest.c >&5
configure:6293: $? = 0
configure:6297: /usr/bin/nm -B conftest.o \| sed -n -e 's/^.*[ 	]\([ABCDGIRSTW][ABCDGIRSTW]*\)[ 	][ 	]*\([_A-Za-z][_A-Za-z0-9]*\)$/\1 \2 \2/p' \> conftest.nm
configure:6300: $? = 0
configure:6352: gcc -o conftest -g -O2   conftest.c conftstm.o >&5
configure:6355: $? = 0
configure:6393: result: ok
configure:6397: checking for objdir
configure:6412: result: .libs
configure:6504: checking for ar
configure:6520: found /usr/bin/ar
configure:6531: result: ar
configure:6600: checking for ranlib
configure:6616: found /usr/bin/ranlib
configure:6627: result: ranlib
configure:6696: checking for strip
configure:6712: found /usr/bin/strip
configure:6723: result: strip
configure:7009: checking if gcc supports -fno-rtti -fno-exceptions
configure:7027: gcc -c -g -O2  -fno-rtti -fno-exceptions conftest.c >&5
cc1: warning: command line option "-fno-rtti" is valid for C++/ObjC++ but not for C
configure:7031: $? = 0
configure:7044: result: no
configure:7059: checking for gcc option to produce PIC
configure:7269: result: -fPIC
configure:7277: checking if gcc PIC flag -fPIC works
configure:7295: gcc -c -g -O2  -fPIC -DPIC conftest.c >&5
configure:7299: $? = 0
configure:7312: result: yes
configure:7340: checking if gcc static flag -static works
configure:7368: result: yes
configure:7378: checking if gcc supports -c -o file.o
configure:7399: gcc -c -g -O2  -o out/conftest2.o conftest.c >&5
configure:7403: $? = 0
configure:7425: result: yes
configure:7451: checking whether the gcc linker (/usr/bin/ld -m elf_x86_64) supports shared libraries
configure:8406: result: yes
configure:8427: checking whether -lc should be explicitly linked in
configure:8432: gcc -c -g -O2  conftest.c >&5
configure:8435: $? = 0
configure:8450: gcc -shared conftest.o  -v -Wl,-soname -Wl,conftest -o conftest 2\>\&1 \| grep  -lc  \>/dev/null 2\>\&1
configure:8453: $? = 0
configure:8465: result: no
configure:8473: checking dynamic linker characteristics
configure:9049: result: GNU/Linux ld.so
configure:9058: checking how to hardcode library paths into programs
configure:9083: result: immediate
configure:9097: checking whether stripping libraries is possible
configure:9102: result: yes
configure:9903: checking if libtool supports shared libraries
configure:9905: result: yes
configure:9908: checking whether to build shared libraries
configure:9929: result: yes
configure:9932: checking whether to build static libraries
configure:9936: result: yes
configure:10028: creating libtool
configure:10616: checking for ld used by g++
configure:10683: result: /usr/bin/ld -m elf_x86_64
configure:10692: checking if the linker (/usr/bin/ld -m elf_x86_64) is GNU ld
configure:10707: result: yes
configure:10758: checking whether the g++ linker (/usr/bin/ld -m elf_x86_64) supports shared libraries
configure:11692: result: yes
configure:11710: g++ -c -g -O2  conftest.cpp >&5
configure:11713: $? = 0
configure:11832: checking for g++ option to produce PIC
configure:12106: result: -fPIC
configure:12114: checking if g++ PIC flag -fPIC works
configure:12132: g++ -c -g -O2  -fPIC -DPIC conftest.cpp >&5
configure:12136: $? = 0
configure:12149: result: yes
configure:12177: checking if g++ static flag -static works
configure:12205: result: yes
configure:12215: checking if g++ supports -c -o file.o
configure:12236: g++ -c -g -O2  -o out/conftest2.o conftest.cpp >&5
configure:12240: $? = 0
configure:12262: result: yes
configure:12288: checking whether the g++ linker (/usr/bin/ld -m elf_x86_64) supports shared libraries
configure:12316: result: yes
configure:12383: checking dynamic linker characteristics
configure:12959: result: GNU/Linux ld.so
configure:12968: checking how to hardcode library paths into programs
configure:12993: result: immediate
configure:19126: checking for main in -lfuse
configure:19155: gcc -o conftest -g -O2   conftest.c -lfuse   >&5
configure:19161: $? = 0
configure:19179: result: yes
configure:19191: checking for main in -lmemcache
configure:19220: gcc -o conftest -g -O2   conftest.c -lmemcache  -lfuse  >&5
configure:19226: $? = 0
configure:19244: result: yes
configure:19256: checking for pthread_create in -lpthread
configure:19291: gcc -o conftest -g -O2   conftest.c -lpthread  -lmemcache -lfuse  >&5
configure:19297: $? = 0
configure:19315: result: yes
configure:19328: checking for X
configure:19443: gcc -E  conftest.c
conftest.c:26:22: error: X11/Xlib.h: No such file or directory
configure:19449: $? = 1
configure: failed program was:
| /* confdefs.h.  */
| #define PACKAGE_NAME ""
| #define PACKAGE_TARNAME ""
| #define PACKAGE_VERSION ""
| #define PACKAGE_STRING ""
| #define PACKAGE_BUGREPORT ""
| #define PACKAGE "memcachefs"
| #define VERSION "0.5"
| #define STDC_HEADERS 1
| #define HAVE_SYS_TYPES_H 1
| #define HAVE_SYS_STAT_H 1
| #define HAVE_STDLIB_H 1
| #define HAVE_STRING_H 1
| #define HAVE_MEMORY_H 1
| #define HAVE_STRINGS_H 1
| #define HAVE_INTTYPES_H 1
| #define HAVE_STDINT_H 1
| #define HAVE_UNISTD_H 1
| #define HAVE_DLFCN_H 1
| #define FUSE_USE_VERSION 25
| #define _FILE_OFFSET_BITS 64
| #define HAVE_LIBFUSE 1
| #define HAVE_LIBMEMCACHE 1
| #define HAVE_LIBPTHREAD 1
| /* end confdefs.h.  */
| #include <X11/Xlib.h>
configure:19498: gcc -o conftest -g -O2   conftest.c -lX11 -lpthread -lmemcache -lfuse  >&5
conftest.c:26:22: error: X11/Xlib.h: No such file or directory
configure:19504: $? = 1
configure: failed program was:
| /* confdefs.h.  */
| #define PACKAGE_NAME ""
| #define PACKAGE_TARNAME ""
| #define PACKAGE_VERSION ""
| #define PACKAGE_STRING ""
| #define PACKAGE_BUGREPORT ""
| #define PACKAGE "memcachefs"
| #define VERSION "0.5"
| #define STDC_HEADERS 1
| #define HAVE_SYS_TYPES_H 1
| #define HAVE_SYS_STAT_H 1
| #define HAVE_STDLIB_H 1
| #define HAVE_STRING_H 1
| #define HAVE_MEMORY_H 1
| #define HAVE_STRINGS_H 1
| #define HAVE_INTTYPES_H 1
| #define HAVE_STDINT_H 1
| #define HAVE_UNISTD_H 1
| #define HAVE_DLFCN_H 1
| #define FUSE_USE_VERSION 25
| #define _FILE_OFFSET_BITS 64
| #define HAVE_LIBFUSE 1
| #define HAVE_LIBMEMCACHE 1
| #define HAVE_LIBPTHREAD 1
| /* end confdefs.h.  */
| #include <X11/Xlib.h>
| int
| main ()
| {
| XrmInitialize ()
|   ;
|   return 0;
| }
configure:19552: result: no
configure:19567: checking for ANSI C header files
configure:19731: result: yes
configure:19759: checking stdio.h usability
configure:19776: gcc -c -g -O2  conftest.c >&5
configure:19782: $? = 0
configure:19796: result: yes
configure:19800: checking stdio.h presence
configure:19815: gcc -E  conftest.c
configure:19821: $? = 0
configure:19835: result: yes
configure:19863: checking for stdio.h
configure:19871: result: yes
configure:19749: checking for stdlib.h
configure:19755: result: yes
configure:19749: checking for string.h
configure:19755: result: yes
configure:19749: checking for unistd.h
configure:19755: result: yes
configure:19902: checking errno.h usability
configure:19919: gcc -c -g -O2  conftest.c >&5
configure:19925: $? = 0
configure:19939: result: yes
configure:19943: checking errno.h presence
configure:19958: gcc -E  conftest.c
configure:19964: $? = 0
configure:19978: result: yes
configure:20006: checking for errno.h
configure:20014: result: yes
configure:19902: checking fcntl.h usability
configure:19919: gcc -c -g -O2  conftest.c >&5
configure:19925: $? = 0
configure:19939: result: yes
configure:19943: checking fcntl.h presence
configure:19958: gcc -E  conftest.c
configure:19964: $? = 0
configure:19978: result: yes
configure:20006: checking for fcntl.h
configure:20014: result: yes
configure:19902: checking libgen.h usability
configure:19919: gcc -c -g -O2  conftest.c >&5
configure:19925: $? = 0
configure:19939: result: yes
configure:19943: checking libgen.h presence
configure:19958: gcc -E  conftest.c
configure:19964: $? = 0
configure:19978: result: yes
configure:20006: checking for libgen.h
configure:20014: result: yes
configure:19902: checking limits.h usability
configure:19919: gcc -c -g -O2  conftest.c >&5
configure:19925: $? = 0
configure:19939: result: yes
configure:19943: checking limits.h presence
configure:19958: gcc -E  conftest.c
configure:19964: $? = 0
configure:19978: result: yes
configure:20006: checking for limits.h
configure:20014: result: yes
configure:20034: checking for sys/stat.h
configure:20040: result: yes
configure:20034: checking for sys/types.h
configure:20040: result: yes
configure:20044: checking sys/socket.h usability
configure:20061: gcc -c -g -O2  conftest.c >&5
configure:20067: $? = 0
configure:20081: result: yes
configure:20085: checking sys/socket.h presence
configure:20100: gcc -E  conftest.c
configure:20106: $? = 0
configure:20120: result: yes
configure:20148: checking for sys/socket.h
configure:20156: result: yes
configure:20186: checking netinet/in.h usability
configure:20203: gcc -c -g -O2  conftest.c >&5
configure:20209: $? = 0
configure:20223: result: yes
configure:20227: checking netinet/in.h presence
configure:20242: gcc -E  conftest.c
configure:20248: $? = 0
configure:20262: result: yes
configure:20290: checking for netinet/in.h
configure:20298: result: yes
configure:20186: checking arpa/inet.h usability
configure:20203: gcc -c -g -O2  conftest.c >&5
configure:20209: $? = 0
configure:20223: result: yes
configure:20227: checking arpa/inet.h presence
configure:20242: gcc -E  conftest.c
configure:20248: $? = 0
configure:20262: result: yes
configure:20290: checking for arpa/inet.h
configure:20298: result: yes
configure:20186: checking netdb.h usability
configure:20203: gcc -c -g -O2  conftest.c >&5
configure:20209: $? = 0
configure:20223: result: yes
configure:20227: checking netdb.h presence
configure:20242: gcc -E  conftest.c
configure:20248: $? = 0
configure:20262: result: yes
configure:20290: checking for netdb.h
configure:20298: result: yes
configure:20326: checking pthread.h usability
configure:20343: gcc -c -g -O2  conftest.c >&5
configure:20349: $? = 0
configure:20363: result: yes
configure:20367: checking pthread.h presence
configure:20382: gcc -E  conftest.c
configure:20388: $? = 0
configure:20402: result: yes
configure:20430: checking for pthread.h
configure:20438: result: yes
configure:20466: checking fuse/fuse.h usability
configure:20483: gcc -c -g -O2  conftest.c >&5
configure:20489: $? = 0
configure:20503: result: yes
configure:20507: checking fuse/fuse.h presence
configure:20522: gcc -E  conftest.c
configure:20528: $? = 0
configure:20542: result: yes
configure:20570: checking for fuse/fuse.h
configure:20578: result: yes
configure:20610: checking memcache.h usability
configure:20627: gcc -c -g -O2  conftest.c >&5
configure:20633: $? = 0
configure:20647: result: yes
configure:20651: checking memcache.h presence
configure:20666: gcc -E  conftest.c
configure:20672: $? = 0
configure:20686: result: yes
configure:20714: checking for memcache.h
configure:20722: result: yes
configure:20741: checking for an ANSI C-conforming const
configure:20816: gcc -c -g -O2  conftest.c >&5
configure:20822: $? = 0
configure:20837: result: yes
configure:20856: checking for strcspn
configure:20912: gcc -o conftest -g -O2   conftest.c -lpthread -lmemcache -lfuse  >&5
conftest.c:67: warning: conflicting types for built-in function 'strcspn'
configure:20918: $? = 0
configure:20936: result: yes
configure:20856: checking for strdup
configure:20912: gcc -o conftest -g -O2   conftest.c -lpthread -lmemcache -lfuse  >&5
conftest.c:68: warning: conflicting types for built-in function 'strdup'
configure:20918: $? = 0
configure:20936: result: yes
configure:20856: checking for strspn
configure:20912: gcc -o conftest -g -O2   conftest.c -lpthread -lmemcache -lfuse  >&5
conftest.c:69: warning: conflicting types for built-in function 'strspn'
configure:20918: $? = 0
configure:20936: result: yes
configure:20856: checking for strstr
configure:20912: gcc -o conftest -g -O2   conftest.c -lpthread -lmemcache -lfuse  >&5
conftest.c:70: warning: conflicting types for built-in function 'strstr'
configure:20918: $? = 0
configure:20936: result: yes
configure:21070: creating ./config.status

## ---------------------- ##
## Running config.status. ##
## ---------------------- ##

This file was extended by config.status, which was
generated by GNU Autoconf 2.61.  Invocation command line was

  CONFIG_FILES    = 
  CONFIG_HEADERS  = 
  CONFIG_LINKS    = 
  CONFIG_COMMANDS = 
  $ ./config.status 

on master

config.status:662: creating Makefile
config.status:662: creating config.h
config.status:962: executing depfiles commands

## ---------------- ##
## Cache variables. ##
## ---------------- ##

ac_cv_build=x86_64-unknown-linux-gnu
ac_cv_c_compiler_gnu=yes
ac_cv_c_const=yes
ac_cv_cxx_compiler_gnu=yes
ac_cv_env_CCC_set=
ac_cv_env_CCC_value=
ac_cv_env_CC_set=
ac_cv_env_CC_value=
ac_cv_env_CFLAGS_set=
ac_cv_env_CFLAGS_value=
ac_cv_env_CPPFLAGS_set=
ac_cv_env_CPPFLAGS_value=
ac_cv_env_CPP_set=
ac_cv_env_CPP_value=
ac_cv_env_CXXCPP_set=
ac_cv_env_CXXCPP_value=
ac_cv_env_CXXFLAGS_set=
ac_cv_env_CXXFLAGS_value=
ac_cv_env_CXX_set=
ac_cv_env_CXX_value=
ac_cv_env_F77_set=
ac_cv_env_F77_value=
ac_cv_env_FFLAGS_set=
ac_cv_env_FFLAGS_value=
ac_cv_env_LDFLAGS_set=
ac_cv_env_LDFLAGS_value=
ac_cv_env_LIBS_set=
ac_cv_env_LIBS_value=
ac_cv_env_XMKMF_set=
ac_cv_env_XMKMF_value=
ac_cv_env_build_alias_set=
ac_cv_env_build_alias_value=
ac_cv_env_host_alias_set=
ac_cv_env_host_alias_value=
ac_cv_env_target_alias_set=
ac_cv_env_target_alias_value=
ac_cv_f77_compiler_gnu=no
ac_cv_func_strcspn=yes
ac_cv_func_strdup=yes
ac_cv_func_strspn=yes
ac_cv_func_strstr=yes
ac_cv_have_x=have_x=no
ac_cv_header_arpa_inet_h=yes
ac_cv_header_dlfcn_h=yes
ac_cv_header_errno_h=yes
ac_cv_header_fcntl_h=yes
ac_cv_header_fuse_fuse_h=yes
ac_cv_header_inttypes_h=yes
ac_cv_header_libgen_h=yes
ac_cv_header_limits_h=yes
ac_cv_header_memcache_h=yes
ac_cv_header_memory_h=yes
ac_cv_header_netdb_h=yes
ac_cv_header_netinet_in_h=yes
ac_cv_header_pthread_h=yes
ac_cv_header_stdc=yes
ac_cv_header_stdint_h=yes
ac_cv_header_stdio_h=yes
ac_cv_header_stdlib_h=yes
ac_cv_header_string_h=yes
ac_cv_header_strings_h=yes
ac_cv_header_sys_socket_h=yes
ac_cv_header_sys_stat_h=yes
ac_cv_header_sys_types_h=yes
ac_cv_header_unistd_h=yes
ac_cv_host=x86_64-unknown-linux-gnu
ac_cv_lib_fuse_main=yes
ac_cv_lib_memcache_main=yes
ac_cv_lib_pthread_pthread_create=yes
ac_cv_objext=o
ac_cv_path_EGREP='/bin/grep -E'
ac_cv_path_GREP=/bin/grep
ac_cv_path_install='/usr/bin/install -c'
ac_cv_path_mkdir=/bin/mkdir
ac_cv_prog_AWK=mawk
ac_cv_prog_CPP='gcc -E'
ac_cv_prog_CXXCPP='g++ -E'
ac_cv_prog_ac_ct_AR=ar
ac_cv_prog_ac_ct_CC=gcc
ac_cv_prog_ac_ct_CXX=g++
ac_cv_prog_ac_ct_RANLIB=ranlib
ac_cv_prog_ac_ct_STRIP=strip
ac_cv_prog_cc_c89=
ac_cv_prog_cc_g=yes
ac_cv_prog_cxx_g=yes
ac_cv_prog_f77_g=no
ac_cv_prog_make_make_set=yes
am_cv_CC_dependencies_compiler_type=gcc3
am_cv_CXX_dependencies_compiler_type=gcc3
lt_cv_deplibs_check_method=pass_all
lt_cv_file_magic_cmd='$MAGIC_CMD'
lt_cv_file_magic_test_file=
lt_cv_ld_reload_flag=-r
lt_cv_objdir=.libs
lt_cv_path_LD=/usr/bin/ld
lt_cv_path_LDCXX='/usr/bin/ld -m elf_x86_64'
lt_cv_path_NM='/usr/bin/nm -B'
lt_cv_path_SED=/bin/sed
lt_cv_prog_compiler_c_o=yes
lt_cv_prog_compiler_c_o_CXX=yes
lt_cv_prog_compiler_rtti_exceptions=no
lt_cv_prog_gnu_ld=yes
lt_cv_prog_gnu_ldcxx=yes
lt_cv_sys_global_symbol_pipe='sed -n -e '\''s/^.*[ 	]\([ABCDGIRSTW][ABCDGIRSTW]*\)[ 	][ 	]*\([_A-Za-z][_A-Za-z0-9]*\)$/\1 \2 \2/p'\'''
lt_cv_sys_global_symbol_to_c_name_address='sed -n -e '\''s/^: \([^ ]*\) $/  {\"\1\", (lt_ptr) 0},/p'\'' -e '\''s/^[BCDEGRST] \([^ ]*\) \([^ ]*\)$/  {"\2", (lt_ptr) \&\2},/p'\'''
lt_cv_sys_global_symbol_to_cdecl='sed -n -e '\''s/^. .* \(.*\)$/extern int \1;/p'\'''
lt_cv_sys_max_cmd_len=32768
lt_lt_cv_prog_compiler_c_o='"yes"'
lt_lt_cv_prog_compiler_c_o_CXX='"yes"'
lt_lt_cv_sys_global_symbol_pipe='"sed -n -e '\''s/^.*[ 	]\\([ABCDGIRSTW][ABCDGIRSTW]*\\)[ 	][ 	]*\\([_A-Za-z][_A-Za-z0-9]*\\)\$/\\1 \\2 \\2/p'\''"'
lt_lt_cv_sys_global_symbol_to_c_name_address='"sed -n -e '\''s/^: \\([^ ]*\\) \$/  {\\\"\\1\\\", (lt_ptr) 0},/p'\'' -e '\''s/^[BCDEGRST] \\([^ ]*\\) \\([^ ]*\\)\$/  {\"\\2\", (lt_ptr) \\&\\2},/p'\''"'
lt_lt_cv_sys_global_symbol_to_cdecl='"sed -n -e '\''s/^. .* \\(.*\\)\$/extern int \\1;/p'\''"'

## ----------------- ##
## Output variables. ##
## ----------------- ##

ACLOCAL='${SHELL} /root/memcachefs/memcachefs-0.5/missing --run aclocal-1.10'
AMDEPBACKSLASH='\'
AMDEP_FALSE='#'
AMDEP_TRUE=''
AMTAR='${SHELL} /root/memcachefs/memcachefs-0.5/missing --run tar'
AR='ar'
AUTOCONF='${SHELL} /root/memcachefs/memcachefs-0.5/missing --run autoconf'
AUTOHEADER='${SHELL} /root/memcachefs/memcachefs-0.5/missing --run autoheader'
AUTOMAKE='${SHELL} /root/memcachefs/memcachefs-0.5/missing --run automake-1.10'
AWK='mawk'
CC='gcc'
CCDEPMODE='depmode=gcc3'
CFLAGS='-g -O2'
CPP='gcc -E'
CPPFLAGS=''
CXX='g++'
CXXCPP='g++ -E'
CXXDEPMODE='depmode=gcc3'
CXXFLAGS='-g -O2'
CYGPATH_W='echo'
DEFS='-DHAVE_CONFIG_H'
DEPDIR='.deps'
ECHO='echo'
ECHO_C=''
ECHO_N='-n'
ECHO_T=''
EGREP='/bin/grep -E'
EXEEXT=''
F77=''
FFLAGS=''
GREP='/bin/grep'
INSTALL_DATA='${INSTALL} -m 644'
INSTALL_PROGRAM='${INSTALL}'
INSTALL_SCRIPT='${INSTALL}'
INSTALL_STRIP_PROGRAM='$(install_sh) -c -s'
LDFLAGS=''
LIBOBJS=''
LIBS='-lpthread -lmemcache -lfuse '
LIBTOOL='$(SHELL) $(top_builddir)/libtool'
LN_S='ln -s'
LTLIBOBJS=''
MAKEINFO='${SHELL} /root/memcachefs/memcachefs-0.5/missing --run makeinfo'
OBJEXT='o'
PACKAGE='memcachefs'
PACKAGE_BUGREPORT=''
PACKAGE_NAME=''
PACKAGE_STRING=''
PACKAGE_TARNAME=''
PACKAGE_VERSION=''
PATH_SEPARATOR=':'
RANLIB='ranlib'
SET_MAKE=''
SHELL='/bin/bash'
STRIP='strip'
VERSION='0.5'
XMKMF=''
ac_ct_CC='gcc'
ac_ct_CXX='g++'
ac_ct_F77=''
am__fastdepCC_FALSE='#'
am__fastdepCC_TRUE=''
am__fastdepCXX_FALSE='#'
am__fastdepCXX_TRUE=''
am__include='include'
am__isrc=''
am__leading_dot='.'
am__quote=''
am__tar='${AMTAR} chof - "$$tardir"'
am__untar='${AMTAR} xf -'
bindir='${exec_prefix}/bin'
build='x86_64-unknown-linux-gnu'
build_alias=''
build_cpu='x86_64'
build_os='linux-gnu'
build_vendor='unknown'
datadir='${datarootdir}'
datarootdir='${prefix}/share'
docdir='${datarootdir}/doc/${PACKAGE}'
dvidir='${docdir}'
exec_prefix='${prefix}'
host='x86_64-unknown-linux-gnu'
host_alias=''
host_cpu='x86_64'
host_os='linux-gnu'
host_vendor='unknown'
htmldir='${docdir}'
includedir='${prefix}/include'
infodir='${datarootdir}/info'
install_sh='$(SHELL) /root/memcachefs/memcachefs-0.5/install-sh'
libdir='${exec_prefix}/lib'
libexecdir='${exec_prefix}/libexec'
localedir='${datarootdir}/locale'
localstatedir='${prefix}/var'
mandir='${datarootdir}/man'
mkdir_p='/bin/mkdir -p'
oldincludedir='/usr/include'
pdfdir='${docdir}'
prefix='/usr/local'
program_transform_name='s,x,x,'
psdir='${docdir}'
sbindir='${exec_prefix}/sbin'
sharedstatedir='${prefix}/com'
sysconfdir='${prefix}/etc'
target_alias=''

## ----------- ##
## confdefs.h. ##
## ----------- ##

#define PACKAGE_NAME ""
#define PACKAGE_TARNAME ""
#define PACKAGE_VERSION ""
#define PACKAGE_STRING ""
#define PACKAGE_BUGREPORT ""
#define PACKAGE "memcachefs"
#define VERSION "0.5"
#define STDC_HEADERS 1
#define HAVE_SYS_TYPES_H 1
#define HAVE_SYS_STAT_H 1
#define HAVE_STDLIB_H 1
#define HAVE_STRING_H 1
#define HAVE_MEMORY_H 1
#define HAVE_STRINGS_H 1
#define HAVE_INTTYPES_H 1
#define HAVE_STDINT_H 1
#define HAVE_UNISTD_H 1
#define HAVE_DLFCN_H 1
#define FUSE_USE_VERSION 25
#define _FILE_OFFSET_BITS 64
#define HAVE_LIBFUSE 1
#define HAVE_LIBMEMCACHE 1
#define HAVE_LIBPTHREAD 1
#define STDC_HEADERS 1
#define HAVE_STDIO_H 1
#define HAVE_STDLIB_H 1
#define HAVE_STRING_H 1
#define HAVE_UNISTD_H 1
#define HAVE_ERRNO_H 1
#define HAVE_FCNTL_H 1
#define HAVE_LIBGEN_H 1
#define HAVE_LIMITS_H 1
#define HAVE_SYS_STAT_H 1
#define HAVE_SYS_TYPES_H 1
#define HAVE_SYS_SOCKET_H 1
#define HAVE_NETINET_IN_H 1
#define HAVE_ARPA_INET_H 1
#define HAVE_NETDB_H 1
#define HAVE_PTHREAD_H 1
#define HAVE_FUSE_FUSE_H 1
#define HAVE_MEMCACHE_H 1
#define HAVE_STRCSPN 1
#define HAVE_STRDUP 1
#define HAVE_STRSPN 1
#define HAVE_STRSTR 1

configure: exit 0
